<?xml version="1.0" encoding="UTF-8"?>
<testsuite xmlns:xsi="http://www.w3.org/2001/XMLSchema-instance" xsi:schemaLocation="https://maven.apache.org/surefire/maven-surefire-plugin/xsd/surefire-test-report.xsd" name="runners.RegressionRunner" time="34.398" tests="5" errors="0" skipped="0" failures="1">
  <properties>
[...]
</properties>
  <testcase name="Unsuccessful login with invalid entries" classname="login Functionality" time="6.74"/>
  <testcase name="Unsuccessful login with empty entries" classname="login Functionality" time="6.589"/>
  <testcase name="Unsuccessful login with valid username and invalid password" classname="login Functionality" time="6.636"/>
  <testcase name="Unsuccessful login with empty username and invalid password" classname="login Functionality" time="6.62">
    <failure message="expected:&lt;...ur email or username[?], and password.&gt; but was:&lt;...ur email or username[], and password.&gt;" type="org.junit.ComparisonFailure"><![CDATA[org.junit.ComparisonFailure: expected:<...ur email or username[?], and password.> but was:<...ur email or username[], and password.>
]]></failure>
    <system-out><![CDATA[
@login @regression
Scenario: Unsuccessful login with empty username and invalid password              # src/test/resources/features/LoginFunction.feature:22
  Given I click Login button in login page                                         # stepDefinitions.LoginFunctionsStepDefinitions.i_click_login_button_in_login_page()
  When I enter username as "" and password as "password"                           # stepDefinitions.LoginFunctionsStepDefinitions.i_enter_username_as_and_password_as(java.lang.String,java.lang.String)
  And I click login button                                                         # stepDefinitions.LoginFunctionsStepDefinitions.i_click_login_button()
  Then verify that "Please enter your email or username?, and password." displayed # stepDefinitions.LoginFunctionsStepDefinitions.verify_that_displayed(java.lang.String)
      org.junit.ComparisonFailure: expected:<...ur email or username[?], and password.> but was:<...ur email or username[], and password.>
	at org.junit.Assert.assertEquals(Assert.java:117)
	at org.junit.Assert.assertEquals(Assert.java:146)
	at stepDefinitions.LoginFunctionsStepDefinitions.verify_that_displayed(LoginFunctionsStepDefinitions.java:51)
	at ✽.verify that "Please enter your email or username?, and password." displayed(file:///Users/mozm/IntellijProjects/BC_Test/src/test/resources/features/LoginFunction.feature:25)


    Embedding Unsuccessful login with empty username and invalid password [image/png 244410 bytes]

]]></system-out>
    <system-err><![CDATA[Starting ChromeDriver 95.0.4638.54 (d31a821ec901f68d0d34ccdbaea45b4c86ce543e-refs/branch-heads/4638@{#871}) on port 17164
Only local connections are allowed.
Please see https://chromedriver.chromium.org/security-considerations for suggestions on keeping ChromeDriver safe.
ChromeDriver was started successfully.
Nov 05, 2021 10:19:21 PM org.openqa.selenium.remote.ProtocolHandshake createSession
INFO: Detected dialect: W3C
]]></system-err>
  </testcase>
  <testcase name="Successful login with valid credentials" classname="login Functionality" time="7.768"/>
</testsuite>